NOTE: Copyright (c) 2002-2012 by SAS Institute Inc., Cary, NC, USA.
NOTE: SAS (r) Proprietary Software 9.4 (TS1M2)
      Licensed to F. HOFFMANN LA ROCHE AG, Site 50701490.
NOTE: This session is executing on the X64_7PRO  platform.



NOTE: Updated analytical products:

      SAS/STAT 13.2
      SAS/ETS 13.2
      SAS/IML 13.2
      SAS/QC 13.2

NOTE: Additional host information:

 X64_7PRO WIN 6.1.7601 Service Pack 1 Workstation

NOTE: SAS initialization used:
      real time           7.46 seconds
      cpu time            5.80 seconds

1          OPTIONS sasautos=(%sysfunc(getoption(sasautos))
1  ! "C:\CSS\phuse-scripts\whitepapers\utilities");

2    %util_access_test_data(advs, local=C:\CSS\phuse-scripts\data\adam\cdisc\)
NOTE: Libref SOURCE was successfully assigned as follows:
      Engine:        XPORT
      Physical Name: C:\CSS\phuse-scripts\data\adam\cdisc\advs.xpt

NOTE: There were 32139 observations read from the data set SOURCE.ADVS.
NOTE: The data set WORK.ADVS has 32139 observations and 44 variables.
NOTE: DATA statement used (Total process time):
      real time           0.59 seconds
      cpu time            0.59 seconds


NOTE: Fileref SOURCE has been deassigned.
NOTE: Libref SOURCE has been deassigned.

3        /*** 2b) USER SUBSET of data, to limit number of box plot outputs, and to shorten Tx
3  ! labels ***/
4
5          data advs_sub (rename=(trtp_short=trtp));
6            set work.advs;
7            where (paramcd in ('DIABP') and atptn in (815)) or
8                  (paramcd in ('SYSBP') and atptn in (816));
9
10           length trtp_short $6;
11           select (trtp);
12             when ('Placebo')              trtp_short = 'P';
13             when ('Xanomeline High Dose') trtp_short = 'X-high';
14             when ('Xanomeline Low Dose')  trtp_short = 'X-low';
15             otherwise                     trtp_short = 'UNEXPECTED';
16           end;
17
18           drop trtp;
19         run;

NOTE: There were 5925 observations read from the data set WORK.ADVS.
      WHERE ((paramcd='DIABP') and (atptn=815)) or ((paramcd='SYSBP') and (atptn=816));
NOTE: The data set WORK.ADVS_SUB has 5925 observations and 44 variables.
NOTE: DATA statement used (Total process time):
      real time           0.26 seconds
      cpu time            0.29 seconds


20
21
22       %*--- 3) Key user settings ---*;
23
24         %let m_lb   = work;
25         %let m_ds   = advs_sub;
26
27         %let m_var  = AVAL;
28         %let lo_var = ANRLO;
29         %let hi_var = ANRHI;
30
31         %let p_fl = saffl;
32         %let a_fl = anl01fl;
33
34         %let ref_lines = UNIFORM;
35
36         %let max_boxes_per_page = 20;
37
38         %let outputs_folder = C:\CSS\phuse-scripts\whitepapers\WPCT\outputs_sas;
39
40     /*** end USER PROCESSING AND SETTINGS ***********************************
41      *** RELAX.                                                           ***
42      *** The rest should simply work, or alert you to invalid conditions. ***
43      ************************************************************************
44     ***/

45       options nocenter mautosource mrecall mprint msglevel=I mergenoby=WARN ls=max ps=max;
46
47       %let ana_variables = STUDYID USUBJID &p_fl &a_fl TRTP TRTPN PARAM PARAMCD &m_var &lo_var &hi_var AVISIT AVISITN ATPT ATPTN;
48
49       %*--- Global boolean symbol CONTINUE, used with macro assert_continue(), warns user of invalid environment. Processing should HALT. ---*;
50         %let CONTINUE = %assert_depend(OS=%str(AIX,WIN,HP IPF),
51                                        SASV=9.4M2,
52                                        SYSPROD=,
53                                        vars=%str(&m_lb..&m_ds : &ana_variables),
54                                        macros=assert_continue util_labels_from_var util_count_unique_values
55                                               util_get_reference_lines util_proc_template util_get_var_min_max
56                                               util_value_format util_boxplot_visit_ranges util_axis_order util_delete_dsets,
57                                        symbols=m_lb m_ds m_var lo_var hi_var ref_lines p_fl a_fl
58                                                max_boxes_per_page outputs_folder
59                                       );
NOTE: (ASSERT_DSET_EXIST) Result is PASS. Data set WORK.ADVS_SUB is accessible.
NOTE: (ASSERT_DSET_EXIST) Result is PASS. Data set WORK.ADVS_SUB is accessible.
NOTE: (ASSERT_VAR_EXIST) If DMS process locks data set WORK.ADVS_SUB, try closing data set ID 1
NOTE: (ASSERT_VAR_EXIST) Result is PASS. STUDYID is a variable on data set WORK.ADVS_SUB.
NOTE: (ASSERT_DSET_EXIST) Result is PASS. Data set WORK.ADVS_SUB is accessible.
NOTE: (ASSERT_VAR_EXIST) If DMS process locks data set WORK.ADVS_SUB, try closing data set ID 1
NOTE: (ASSERT_VAR_EXIST) Result is PASS. USUBJID is a variable on data set WORK.ADVS_SUB.
NOTE: (ASSERT_DSET_EXIST) Result is PASS. Data set WORK.ADVS_SUB is accessible.
NOTE: (ASSERT_VAR_EXIST) If DMS process locks data set WORK.ADVS_SUB, try closing data set ID 1
NOTE: (ASSERT_VAR_EXIST) Result is PASS. SAFFL is a variable on data set WORK.ADVS_SUB.
NOTE: (ASSERT_DSET_EXIST) Result is PASS. Data set WORK.ADVS_SUB is accessible.
NOTE: (ASSERT_VAR_EXIST) If DMS process locks data set WORK.ADVS_SUB, try closing data set ID 1
NOTE: (ASSERT_VAR_EXIST) Result is PASS. ANL01FL is a variable on data set WORK.ADVS_SUB.
NOTE: (ASSERT_DSET_EXIST) Result is PASS. Data set WORK.ADVS_SUB is accessible.
NOTE: (ASSERT_VAR_EXIST) If DMS process locks data set WORK.ADVS_SUB, try closing data set ID 1
NOTE: (ASSERT_VAR_EXIST) Result is PASS. TRTP is a variable on data set WORK.ADVS_SUB.
NOTE: (ASSERT_DSET_EXIST) Result is PASS. Data set WORK.ADVS_SUB is accessible.
NOTE: (ASSERT_VAR_EXIST) If DMS process locks data set WORK.ADVS_SUB, try closing data set ID 1
NOTE: (ASSERT_VAR_EXIST) Result is PASS. TRTPN is a variable on data set WORK.ADVS_SUB.
NOTE: (ASSERT_DSET_EXIST) Result is PASS. Data set WORK.ADVS_SUB is accessible.
NOTE: (ASSERT_VAR_EXIST) If DMS process locks data set WORK.ADVS_SUB, try closing data set ID 1
NOTE: (ASSERT_VAR_EXIST) Result is PASS. PARAM is a variable on data set WORK.ADVS_SUB.
NOTE: (ASSERT_DSET_EXIST) Result is PASS. Data set WORK.ADVS_SUB is accessible.
NOTE: (ASSERT_VAR_EXIST) If DMS process locks data set WORK.ADVS_SUB, try closing data set ID 1
NOTE: (ASSERT_VAR_EXIST) Result is PASS. PARAMCD is a variable on data set WORK.ADVS_SUB.
NOTE: (ASSERT_DSET_EXIST) Result is PASS. Data set WORK.ADVS_SUB is accessible.
NOTE: (ASSERT_VAR_EXIST) If DMS process locks data set WORK.ADVS_SUB, try closing data set ID 1
NOTE: (ASSERT_VAR_EXIST) Result is PASS. AVAL is a variable on data set WORK.ADVS_SUB.
NOTE: (ASSERT_DSET_EXIST) Result is PASS. Data set WORK.ADVS_SUB is accessible.
NOTE: (ASSERT_VAR_EXIST) If DMS process locks data set WORK.ADVS_SUB, try closing data set ID 1
NOTE: (ASSERT_VAR_EXIST) Result is PASS. ANRLO is a variable on data set WORK.ADVS_SUB.
NOTE: (ASSERT_DSET_EXIST) Result is PASS. Data set WORK.ADVS_SUB is accessible.
NOTE: (ASSERT_VAR_EXIST) If DMS process locks data set WORK.ADVS_SUB, try closing data set ID 1
NOTE: (ASSERT_VAR_EXIST) Result is PASS. ANRHI is a variable on data set WORK.ADVS_SUB.
NOTE: (ASSERT_DSET_EXIST) Result is PASS. Data set WORK.ADVS_SUB is accessible.
NOTE: (ASSERT_VAR_EXIST) If DMS process locks data set WORK.ADVS_SUB, try closing data set ID 1
NOTE: (ASSERT_VAR_EXIST) Result is PASS. AVISIT is a variable on data set WORK.ADVS_SUB.
NOTE: (ASSERT_DSET_EXIST) Result is PASS. Data set WORK.ADVS_SUB is accessible.
NOTE: (ASSERT_VAR_EXIST) If DMS process locks data set WORK.ADVS_SUB, try closing data set ID 1
NOTE: (ASSERT_VAR_EXIST) Result is PASS. AVISITN is a variable on data set WORK.ADVS_SUB.
NOTE: (ASSERT_DSET_EXIST) Result is PASS. Data set WORK.ADVS_SUB is accessible.
NOTE: (ASSERT_VAR_EXIST) If DMS process locks data set WORK.ADVS_SUB, try closing data set ID 1
NOTE: (ASSERT_VAR_EXIST) Result is PASS. ATPT is a variable on data set WORK.ADVS_SUB.
NOTE: (ASSERT_DSET_EXIST) Result is PASS. Data set WORK.ADVS_SUB is accessible.
NOTE: (ASSERT_VAR_EXIST) If DMS process locks data set WORK.ADVS_SUB, try closing data set ID 1
NOTE: (ASSERT_VAR_EXIST) Result is PASS. ATPTN is a variable on data set WORK.ADVS_SUB.
NOTE: (ASSERT_MACRO_EXIST) PASS, found macro ASSERT_CONTINUE in "C:\CSS\phuse-scripts\whitepapers\utilities\assert_continue.sas".
NOTE: (ASSERT_MACRO_EXIST) PASS, found macro UTIL_LABELS_FROM_VAR in "C:\CSS\phuse-scripts\whitepapers\utilities\util_labels_from_var.sas".
NOTE: (ASSERT_MACRO_EXIST) PASS, found macro UTIL_COUNT_UNIQUE_VALUES in "C:\CSS\phuse-scripts\whitepapers\utilities\util_count_unique_values.sas".
NOTE: (ASSERT_MACRO_EXIST) PASS, found macro UTIL_GET_REFERENCE_LINES in "C:\CSS\phuse-scripts\whitepapers\utilities\util_get_reference_lines.sas".
NOTE: (ASSERT_MACRO_EXIST) PASS, found macro UTIL_PROC_TEMPLATE in "C:\CSS\phuse-scripts\whitepapers\utilities\util_proc_template.sas".
NOTE: (ASSERT_MACRO_EXIST) PASS, found macro UTIL_GET_VAR_MIN_MAX in "C:\CSS\phuse-scripts\whitepapers\utilities\util_get_var_min_max.sas".
NOTE: (ASSERT_MACRO_EXIST) PASS, found macro UTIL_VALUE_FORMAT in "C:\CSS\phuse-scripts\whitepapers\utilities\util_value_format.sas".
NOTE: (ASSERT_MACRO_EXIST) PASS, found macro UTIL_BOXPLOT_VISIT_RANGES in "C:\CSS\phuse-scripts\whitepapers\utilities\util_boxplot_visit_ranges.sas".
NOTE: (ASSERT_MACRO_EXIST) PASS, found macro UTIL_AXIS_ORDER in "C:\CSS\phuse-scripts\whitepapers\utilities\util_axis_order.sas".
NOTE: (ASSERT_MACRO_EXIST) PASS, found macro UTIL_DELETE_DSETS in "C:\CSS\phuse-scripts\whitepapers\utilities\util_delete_dsets.sas".
NOTE: (ASSERT_DEPEND) PASS, found mac var M_LB with value "work"
NOTE: (ASSERT_DEPEND) PASS, found mac var M_DS with value "advs_sub"
NOTE: (ASSERT_DEPEND) PASS, found mac var M_VAR with value "AVAL"
NOTE: (ASSERT_DEPEND) PASS, found mac var LO_VAR with value "ANRLO"
NOTE: (ASSERT_DEPEND) PASS, found mac var HI_VAR with value "ANRHI"
NOTE: (ASSERT_DEPEND) PASS, found mac var REF_LINES with value "UNIFORM"
NOTE: (ASSERT_DEPEND) PASS, found mac var P_FL with value "saffl"
NOTE: (ASSERT_DEPEND) PASS, found mac var A_FL with value "anl01fl"
NOTE: (ASSERT_DEPEND) PASS, found mac var MAX_BOXES_PER_PAGE with value "20"
NOTE: (ASSERT_DEPEND) PASS, found mac var OUTPUTS_FOLDER with value "C:\CSS\phuse-scripts\whitepapers\WPCT\outputs_sas"
NOTE: (ASSERT_DEPEND) Result is PASS.
60
61         %assert_continue(After asserting the dependencies of this script)
NOTE: (ASSERT_CONTINUE) After asserting the dependencies of this script. OK to continue.
62
63
64       *--- Restrict analysis to SAFETY POP and ANALYSIS RECORDS (&a_fl) ---*;
65         data css_anadata;
66           set &m_lb..&m_ds (keep=&ana_variables);
67           where &p_fl = 'Y' and &a_fl = 'Y';
68
69           *--- Create a Normal Range Outlier variable, for scatter plot overlay ---*;
70             if (2 = n(&m_var, &lo_var) and &m_var < &lo_var) or
71                (2 = n(&m_var, &hi_var) and &m_var > &hi_var) then m_var_outlier = &m_var;
72             else m_var_outlier = .;
73
74         run;

NOTE: There were 4054 observations read from the data set WORK.ADVS_SUB.
      WHERE (saffl='Y') and (anl01fl='Y');
NOTE: The data set WORK.CSS_ANADATA has 4054 observations and 16 variables.
NOTE: DATA statement used (Total process time):
      real time           0.04 seconds
      cpu time            0.04 seconds


75       %*--- Parameters: Number (&PARAMCD_N), Names (&PARAMCD_VAL1 ...) and Labels (&PARAMCD_LAB1 ...) ---*;
76         %util_labels_from_var(css_anadata, paramcd, param)
NOTE: (ASSERT_DSET_EXIST) Result is PASS. Data set CSS_ANADATA is accessible.
NOTE: (ASSERT_DSET_EXIST) Result is PASS. Data set CSS_ANADATA is accessible.
NOTE: (ASSERT_VAR_EXIST) If DMS process locks data set CSS_ANADATA, try closing data set ID 1
NOTE: (ASSERT_VAR_EXIST) Result is PASS. PARAMCD is a variable on data set CSS_ANADATA.
NOTE: (ASSERT_DSET_EXIST) Result is PASS. Data set CSS_ANADATA is accessible.
NOTE: (ASSERT_VAR_EXIST) If DMS process locks data set CSS_ANADATA, try closing data set ID 1
NOTE: (ASSERT_VAR_EXIST) Result is PASS. PARAM is a variable on data set CSS_ANADATA.
NOTE: (ASSERT_DSET_EXIST) Result is PASS. Data set CSS_ANADATA is accessible.
NOTE: (ASSERT_DSET_EXIST) Result is PASS. Data set CSS_ANADATA is accessible.
NOTE: (ASSERT_VAR_EXIST) If DMS process locks data set CSS_ANADATA, try closing data set ID 1
NOTE: (ASSERT_VAR_EXIST) Result is PASS. PARAMCD is a variable on data set CSS_ANADATA.
MPRINT(UTIL_COUNT_UNIQUE_VALUES):   proc sql noprint;
MPRINT(UTIL_COUNT_UNIQUE_VALUES):   select count(unique(paramcd)) into: paramcd_n from css_anadata ;
MPRINT(UTIL_COUNT_UNIQUE_VALUES):   quit;
NOTE: PROCEDURE SQL used (Total process time):
      real time           0.01 seconds
      cpu time            0.01 seconds


NOTE: (UTIL_COUNT_UNIQUE_VALUES) Successfully created symbol PARAMCD_N = 2
MPRINT(UTIL_LABELS_FROM_VAR):   *--- Create paired sequences of symbols containing values and labels ---*;
MPRINT(UTIL_LABELS_FROM_VAR):   proc sort data=css_anadata out=css_lfv nodupkey;
MPRINT(UTIL_LABELS_FROM_VAR):   by paramcd param;
MPRINT(UTIL_LABELS_FROM_VAR):   run;

NOTE: There were 4054 observations read from the data set WORK.CSS_ANADATA.
NOTE: SAS sort was used.
NOTE: 4052 observations with duplicate key values were deleted.
NOTE: The data set WORK.CSS_LFV has 2 observations and 16 variables.
NOTE: PROCEDURE SORT used (Total process time):
      real time           0.03 seconds
      cpu time            0.03 seconds


MPRINT(UTIL_LABELS_FROM_VAR):   data _null_;
MPRINT(UTIL_LABELS_FROM_VAR):   set css_lfv;
MPRINT(UTIL_LABELS_FROM_VAR):   by paramcd;
MPRINT(UTIL_LABELS_FROM_VAR):   if not (first.paramcd and last.paramcd) then do;
MPRINT(UTIL_LABELS_FROM_VAR):   put "ERROR: (UTIL_LABELS_FROM_VAR) Each PARAMCD value should have exacly one PARAM value." paramcd= param=;
MPRINT(UTIL_LABELS_FROM_VAR):   put "ERROR: (UTIL_LABELS_FROM_VAR) Most likely you are missing some global symbols.";
MPRINT(UTIL_LABELS_FROM_VAR):   end;
MPRINT(UTIL_LABELS_FROM_VAR):   call symput(strip("paramcd_val"!!put(_n_, 8.-L)), strip(paramcd));
MPRINT(UTIL_LABELS_FROM_VAR):   call symput(strip("paramcd_lab"!!put(_n_, 8.-L)), strip(param));
MPRINT(UTIL_LABELS_FROM_VAR):   run;

NOTE: There were 2 observations read from the data set WORK.CSS_LFV.
NOTE: DATA statement used (Total process time):
      real time           0.01 seconds
      cpu time            0.01 seconds


MPRINT(UTIL_LABELS_FROM_VAR):   proc datasets library=WORK memtype=DATA nolist nodetails;
MPRINT(UTIL_LABELS_FROM_VAR):   delete css_lfv;
MPRINT(UTIL_LABELS_FROM_VAR):   quit;
NOTE: Deleting WORK.CSS_LFV (memtype=DATA).
NOTE: PROCEDURE DATASETS used (Total process time):
      real time           0.07 seconds
      cpu time            0.07 seconds


NOTE: (UTIL_LABELS_FROM_VAR) Successfully created symbols for Values and Labels from PARAMCD and PARAM
77
78       %*--- Number of planned treatments: Set &TRTN from ana variable TRTP ---*;
79         %util_count_unique_values(css_anadata, trtp, trtn)
NOTE: (ASSERT_DSET_EXIST) Result is PASS. Data set CSS_ANADATA is accessible.
NOTE: (ASSERT_DSET_EXIST) Result is PASS. Data set CSS_ANADATA is accessible.
NOTE: (ASSERT_VAR_EXIST) If DMS process locks data set CSS_ANADATA, try closing data set ID 1
NOTE: (ASSERT_VAR_EXIST) Result is PASS. TRTP is a variable on data set CSS_ANADATA.
MPRINT(UTIL_COUNT_UNIQUE_VALUES):   proc sql noprint;
MPRINT(UTIL_COUNT_UNIQUE_VALUES):   select count(unique(trtp)) into: trtn from css_anadata ;
MPRINT(UTIL_COUNT_UNIQUE_VALUES):   quit;
NOTE: PROCEDURE SQL used (Total process time):
      real time           0.01 seconds
      cpu time            0.01 seconds


NOTE: (UTIL_COUNT_UNIQUE_VALUES) Successfully created symbol TRTN = 3
80
81
82     /*** BOXPLOT for each PARAMETER and ANALYSIS TIMEPOINT in selected data
83
84       One box plot for each PARAMETER and ANALYSIS TIMEPOINT.
85       By Visit and Planned Treatment.
86
87       In case of many visits and planned treatments, each box plot will use multiple pages.
88
89       CLEANUP = O, blocks the macro from deleting temp data sets after the last parameter & timepoint loop
90
91     ***/
92
93       %util_proc_template(phuseboxplot)
MPRINT(UTIL_PROC_TEMPLATE):   *--- Set marker size relative to IQR outlier: MEAN symbol is +1, Normal Range outlier is -1 ---*;
MPRINT(UTIL_PROC_TEMPLATE):   *--- Box width, Box plot cluster width and Scatter cluster width should all match ---*;
MPRINT(UTIL_PROC_TEMPLATE):   proc template;
MPRINT(UTIL_PROC_TEMPLATE):   define statgraph PhUSEboxplot;
MPRINT(UTIL_PROC_TEMPLATE):   dynamic _TRT _AVISIT _AVISITN _AVAL _AVALOUTLIE _YLABEL _YMIN _YMAX _YINCR _REFLINES _N _MEAN _STD _DATAMIN _Q1 _MEDIAN _Q3 _DATAMAX _PVAL ;
MPRINT(UTIL_PROC_TEMPLATE):   *--- Design dimensions are suitable for landscape A4 and Letter ---*;
MPRINT(UTIL_PROC_TEMPLATE):   begingraph / attrpriority=none border=false pad=0 dataskin=none designwidth=260mm designheight=170mm ;
MPRINT(UTIL_PROC_TEMPLATE):   *--- Define extra legend items for Outlier markers. Define these OUTSIDE the layout block ---*;
MPRINT(UTIL_PROC_TEMPLATE):   legenditem type=marker name='IQROutliers' / label='IQR Outliers' markerattrs=(color=CX000000 symbol=square size=6);
MPRINT(UTIL_PROC_TEMPLATE):   legenditem type=marker name='NormalRangeOutliers' / label='Normal Range Outliers' markerattrs=(color=CXFF0000 symbol=circlefilled size=5 );
MPRINT(UTIL_PROC_TEMPLATE):   layout overlay / walldisplay=none pad=(top=20) yaxisopts=(type=linear display=standard label=_YLABEL linearopts=(viewmin=_YMIN viewmax=_YMAX tickvaluesequence=(start=_YMIN end=_YMAX increment=_YINCR) ) )
xaxisopts=(type=discrete display=(line) discreteopts=(colorbands=even colorbandsattrs=GraphBlock (transparency=0.7)) );
MPRINT(UTIL_PROC_TEMPLATE):   *--- TOP INNER MARGIN: Timepoint labels appear across the top of the plot area ---*;
MPRINT(UTIL_PROC_TEMPLATE):   innermargin / align=top separator=false pad=0;
MPRINT(UTIL_PROC_TEMPLATE):   blockplot x=_AVISITN block=_AVISIT / display=(outline values) valuefitpolicy=split valuehalign=left valuevalign=top ;
MPRINT(UTIL_PROC_TEMPLATE):   endinnermargin;
MPRINT(UTIL_PROC_TEMPLATE):   *--- MAIN BOX PLOT: Including IQR outliers. Cluster width must match that of Scatter plot, and the Box plot width. By default, they do not match! ---*;
MPRINT(UTIL_PROC_TEMPLATE):   boxplot x=_AVISITN y=_AVAL / name='box' group=_TRT groupdisplay=cluster clusterwidth=0.6 capshape=serif boxwidth=0.6 display=(notches caps mean median fill outliers) fillattrs=(color=CXB9CFE7)
outlineattrs=GraphOutlines(color=navy thickness=0.01) medianattrs=(color=navy) whiskerattrs=(color=navy) meanattrs=(size=7) outlierattrs=(color=cx000000 symbol=square size=6) ;
MPRINT(UTIL_PROC_TEMPLATE):   *--- OUTLIER SCATTER PLOT: Normal Range Outliers, IF NON-MISSING. Cluster width must match that of Box plot. By default, they do not match! ---*;
MPRINT(UTIL_PROC_TEMPLATE):   IF ( MEAN(_AVALOUTLIE) NE . ) scatterplot x=_AVISITN y=_AVALOUTLIE / name='scatter' group=_TRT groupdisplay=cluster clusterwidth=0.6 jitter=auto markerattrs=(color=CXFF0000 symbol=circlefilled size=5 ) legendlabel='Normal
Range Outliers' ;
MPRINT(UTIL_PROC_TEMPLATE):   ENDIF;
MPRINT(UTIL_PROC_TEMPLATE):   *--- Normal Range Reference lines, IF PROVIDED ---*;
MPRINT(UTIL_PROC_TEMPLATE):   IF (EXISTS(_REFLINES)) referenceline y=eval(coln(_REFLINES)) / lineattrs=(color=red) name='Reference Lines';
MPRINT(UTIL_PROC_TEMPLATE):   ENDIF;
MPRINT(UTIL_PROC_TEMPLATE):   *--- KNOWN LIMITATION: 'box' markers work in SAS 9.4 M3 and later. See header notes. ---*;
MPRINT(UTIL_PROC_TEMPLATE):   discretelegend 'box' 'IQROutliers' 'NormalRangeOutliers' / type=marker location=outside valign=bottom border=false title='Treatments & Outliers:' ;
MPRINT(UTIL_PROC_TEMPLATE):   innermargin / align=bottom separator=false pad=(bottom=0);
MPRINT(UTIL_PROC_TEMPLATE):   axistable x=_AVISITN value=_TRT / class=_TRT label='Treatment' classdisplay=cluster colorgroup=_TRT;
MPRINT(UTIL_PROC_TEMPLATE):   axistable x=_AVISITN value=_N / class=_TRT label='n' classdisplay=cluster colorgroup=_TRT;
MPRINT(UTIL_PROC_TEMPLATE):   axistable x=_AVISITN value=_MEAN / class=_TRT label='Mean' classdisplay=cluster colorgroup=_TRT;
MPRINT(UTIL_PROC_TEMPLATE):   axistable x=_AVISITN value=_STD / class=_TRT label='Std Dev' classdisplay=cluster colorgroup=_TRT;
MPRINT(UTIL_PROC_TEMPLATE):   axistable x=_AVISITN value=_DATAMIN / class=_TRT label='Min' classdisplay=cluster colorgroup=_TRT;
MPRINT(UTIL_PROC_TEMPLATE):   axistable x=_AVISITN value=_Q1 / class=_TRT label='Q1' classdisplay=cluster colorgroup=_TRT;
MPRINT(UTIL_PROC_TEMPLATE):   axistable x=_AVISITN value=_MEDIAN / class=_TRT label='Median' classdisplay=cluster colorgroup=_TRT;
MPRINT(UTIL_PROC_TEMPLATE):   axistable x=_AVISITN value=_Q3 / class=_TRT label='Q3' classdisplay=cluster colorgroup=_TRT;
MPRINT(UTIL_PROC_TEMPLATE):   axistable x=_AVISITN value=_DATAMAX / class=_TRT label='Max' classdisplay=cluster colorgroup=_TRT;
MPRINT(UTIL_PROC_TEMPLATE):   IF (EXISTS(_PVAL)) axistable x=_AVISITN value=_PVAL / class=_TRT label='P Value' classdisplay=cluster colorgroup=_TRT;
MPRINT(UTIL_PROC_TEMPLATE):   ENDIF;
MPRINT(UTIL_PROC_TEMPLATE):   endinnermargin;
MPRINT(UTIL_PROC_TEMPLATE):   endlayout;
MPRINT(UTIL_PROC_TEMPLATE):   endgraph;
MPRINT(UTIL_PROC_TEMPLATE):   end;
NOTE: Overwriting existing template/link: PhUSEboxplot
NOTE: STATGRAPH 'PhUSEboxplot' has been saved to: SASUSER.TEMPLAT
NOTE: PROCEDURE TEMPLATE used (Total process time):
      real time           0.14 seconds
      cpu time            0.04 seconds


MPRINT(UTIL_PROC_TEMPLATE):   run;

94       %macro boxplot_each_param_tp(plotds=css_anadata, cleanup=1);
95
96         %local pdx tdx ;
97
98         %do pdx = 1 %to &paramcd_n;
99
100          /*** LOOP 1 *****************************************************
101           *** Loop through each PARAMETER, working with ALL TIMEPOINTS ***
102           ****************************************************************/
103            data css_nextparam;
104              set &plotds (where=(paramcd = "&&paramcd_val&pdx"));
105            run;
106
107          %*--- Analysis Timepoints for this parameter: Num (&ATPTN_N), Names (&ATPTN_VAL1 ...) and Labels (&ATPTN_LAB1 ...) ---*;
108            %util_labels_from_var(css_nextparam, atptn, atpt)
109
110          %*--- Create NXT_REFLINES: a list of reference lines for this parameter, across all timepoints ---*;
111            %util_get_reference_lines(css_nextparam, nxt_reflines,
112                                      low_var  =&lo_var, high_var =&hi_var,
113                                      ref_lines=&ref_lines)
114
115          %*--- Y-AXIS alternative: Fix Y-Axis MIN/MAX based on all timepoints for PARAM. See Y-AXIS DEFAULT, below. ---*;
116          %*--- NB: EXTRA normal range reference lines could expand Y-AXIS range.                                    ---*;
117          %*   %util_get_var_min_max(css_nextparam, &m_var, aval_min_max, extra=&nxt_reflines)   *;
118
119
120          %do tdx = 1 %to &atptn_n;
121
122            /*** LOOP 2 ********************************************************************
123             *** Loop through each TIMEPOINT for this parameter, working with ALL VISITS ***
124             *** NB: PROC SORT here is REQUIRED in order to merge on STAT details, below ***
125             *******************************************************************************/
126              proc sort data=css_nextparam (where=(atptn = &&atptn_val&tdx))
127                         out=css_nexttimept;
128                by avisitn trtpn;
129              run;
130
131            %*--- Y-AXIS DEFAULT: Set Y-Axis MIN/MAX based on this timepoint. See Y-AXIS alternative, above. ---*;
132            %*--- NB: EXTRA normal range reference lines could expand Y-AXIS range.                          ---*;
133              %util_get_var_min_max(css_nexttimept, &m_var, aval_min_max, extra=&nxt_reflines)
134
135            %*--- Number of visits for this parameter and analysis timepoint: &VISN ---*;
136              %util_count_unique_values(css_nexttimept, avisitn, visn)
137
138            %*--- Create format string to display MEAN and STDDEV to default sig-digs: &UTIL_VALUE_FORMAT ---*;
139              %util_value_format(css_nexttimept, &m_var)
140
141            %*--- Create macro variable BOXPLOT_VISIT_RANGES, to subset visits into box plot pages ---*;
142              %util_boxplot_visit_ranges(css_nexttimept, vvisn=avisitn, vtrtn=trtpn, numtrt=&trtn, numvis=&visn);
143
144
145            *--- Calculate summary statistics, KEEP LABELS of VISIT and TRT for plotting, below ---*;
146              proc summary data=css_nexttimept noprint;
147                by avisitn trtpn avisit trtp;
148                var &m_var;
149                output out=css_stats (drop=_type_ _freq_)
150                       n=n mean=mean std=std median=median min=datamin max=datamax q1=q1 q3=q3;
151              run;
152
153              /***
154                STACK statistics (do NOT merge) BELOW the plot data, one obs per TREATMENT/VISIT.
155                Concatenate any reference lines from css_reflines BELOW the statistics.
156                NB: We need exactly ONE obs per timepoint and trt: AXISTABLE defaults to a SUM function
157              ***/
158              data css_plot;
159                set css_nexttimept
160                    css_stats;
161
162                label n         = 'n'
163                      mean      = 'Mean'
164                      std       = 'Std Dev'
165                      datamin   = 'Min'
166                      q1        = 'Q1'
167                      median    = 'Median'
168                      q3        = 'Q3'
169                      datamax   = 'Max'
170                      ;
171                format mean %scan(&util_value_format, 1, %str( )) std %scan(&util_value_format, 2, %str( ));
172              run;
173
174
175            *--- Graphics Settings - Set defaults for all graphs ---*;
176              options orientation=landscape;
177              goptions reset=all;
178
179              ods graphics on / reset=all;
180              ods graphics    / border=no attrpriority=COLOR;
181
182              title     justify=left height=1.2 "Box Plot - &&paramcd_lab&pdx by Visit, Analysis Timepoint: &&atptn_lab&tdx";
183              footnote1 justify=left height=1.0 'Box plot type is schematic: the box shows median and interquartile range (IQR, the box edges); the whiskers extend to the minimum';
184              footnote2 justify=left height=1.0 'and maximum data points within 1.5 IQR below 25% and above 75%, respectively. Values outside the whiskers are shown as outliers.';
185              footnote3 justify=left height=1.0 'Means are marked with a different symbol for each treatment. Red dots indicate measures outside the normal reference range.';
186
187              %let y_axis = %util_axis_order( %scan(&aval_min_max,1,%str( )), %scan(&aval_min_max,2,%str( )) );
188
189            *--- ODS PDF destination (Traditional Graphics, No ODS or Listing output) ---*;
190              ods listing close;
191              ods pdf dpi=300
192                      author="(&SYSUSERID) PhUSE/CSS Standard Analysis Library"
193                      subject='PhUSE/CSS Measures of Central Tendency'
194                      title="Boxplot of &&paramcd_lab&pdx by Visit for Analysis Timepoint &&atptn_lab&tdx"
195                      file="&outputs_folder\WPCT-F.07.01_Box_plot_&&paramcd_val&pdx.._by_visit_for_timepoint_&&atptn_val&tdx...pdf";
196
197
198            /*** LOOP 3 - FINALLY, A Graph ****************************
199             *** - Multiple pages in case of many visits/treatments ***
200             **********************************************************/
201
202              %local vdx nxtvis;
203              %let vdx=1;
204              %do %while (%qscan(&boxplot_visit_ranges,&vdx,|) ne );
205                %let nxtvis = %qscan(&boxplot_visit_ranges,&vdx,|);
206
207                proc sgrender data=css_plot (where=( &nxtvis )) template=PhUSEboxplot ;
208                  dynamic
209                          _TRT        = 'trtp'
210                          _AVISITN    = 'avisitn'
211                          _AVISIT     = 'avisit'
212                          _AVAL       = "&m_var"
213                          _AVALOUTLIE = 'm_var_outlier'
214
215                          %if %length(&nxt_reflines) > 0 %then %do;
216                            _REFLINES   = "%sysfunc(translate( &nxt_reflines, %str(,), %str( ) ))"
217                          %end;
218
219                          _YLABEL     = "&&paramcd_lab&pdx"
220                          _YMIN       = %scan(&y_axis, 1, %str( ))
221                          _YMAX       = %scan(&y_axis, 3, %str( ))
222                          _YINCR      = %scan(&y_axis, 5, %str( ))
223                          _N          = 'n'
224                          _MEAN        = 'mean'
225                          _STD        = 'std'
226                          _DATAMIN    = 'datamin'
227                          _Q1         = 'q1'
228                          _MEDIAN     = 'median'
229                          _Q3         = 'q3'
230                          _DATAMAX    = 'datamax'
231                          ;
232                run;
233
234                %let vdx=%eval(&vdx+1);
235              %end; %* --- LOOP 3 - Pages of box plots, VDX ---*;
236
237            *--- Release the PDF output file! ---*;
238              ods pdf close;
239              ods listing;
240
241          %end; %*--- LOOP 2 - Time Points, TDX ---*;
242
243        %end; %*--- LOOP 1 - Parameters, PDX ---*;
244
245
246        *--- Clean up temp data sets required to create box plots ---*;
247          %if &cleanup %then %util_delete_dsets(css_nextparam css_nexttimept css_stats css_reflines css_plot);
248
249      %mend boxplot_each_param_tp;
250
251      %boxplot_each_param_tp;
MPRINT(BOXPLOT_EACH_PARAM_TP):   data css_nextparam;
MPRINT(BOXPLOT_EACH_PARAM_TP):   set css_anadata (where=(paramcd = "DIABP"));
MPRINT(BOXPLOT_EACH_PARAM_TP):   run;

NOTE: There were 2027 observations read from the data set WORK.CSS_ANADATA.
      WHERE paramcd='DIABP';
NOTE: The data set WORK.CSS_NEXTPARAM has 2027 observations and 16 variables.
NOTE: DATA statement used (Total process time):
      real time           0.03 seconds
      cpu time            0.03 seconds


NOTE: (ASSERT_DSET_EXIST) Result is PASS. Data set CSS_NEXTPARAM is accessible.
NOTE: (ASSERT_DSET_EXIST) Result is PASS. Data set CSS_NEXTPARAM is accessible.
NOTE: (ASSERT_VAR_EXIST) If DMS process locks data set CSS_NEXTPARAM, try closing data set ID 1
NOTE: (ASSERT_VAR_EXIST) Result is PASS. ATPTN is a variable on data set CSS_NEXTPARAM.
NOTE: (ASSERT_DSET_EXIST) Result is PASS. Data set CSS_NEXTPARAM is accessible.
NOTE: (ASSERT_VAR_EXIST) If DMS process locks data set CSS_NEXTPARAM, try closing data set ID 1
NOTE: (ASSERT_VAR_EXIST) Result is PASS. ATPT is a variable on data set CSS_NEXTPARAM.
NOTE: (ASSERT_DSET_EXIST) Result is PASS. Data set CSS_NEXTPARAM is accessible.
NOTE: (ASSERT_DSET_EXIST) Result is PASS. Data set CSS_NEXTPARAM is accessible.
NOTE: (ASSERT_VAR_EXIST) If DMS process locks data set CSS_NEXTPARAM, try closing data set ID 1
NOTE: (ASSERT_VAR_EXIST) Result is PASS. ATPTN is a variable on data set CSS_NEXTPARAM.
MPRINT(UTIL_COUNT_UNIQUE_VALUES):   proc sql noprint;
MPRINT(UTIL_COUNT_UNIQUE_VALUES):   select count(unique(atptn)) into: atptn_n from css_nextparam ;
MPRINT(UTIL_COUNT_UNIQUE_VALUES):   quit;
NOTE: PROCEDURE SQL used (Total process time):
      real time           0.01 seconds
      cpu time            0.01 seconds


NOTE: (UTIL_COUNT_UNIQUE_VALUES) Successfully created symbol ATPTN_N = 1
MPRINT(UTIL_LABELS_FROM_VAR):   *--- Create paired sequences of symbols containing values and labels ---*;
MPRINT(UTIL_LABELS_FROM_VAR):   proc sort data=css_nextparam out=css_lfv nodupkey;
MPRINT(UTIL_LABELS_FROM_VAR):   by atptn atpt;
MPRINT(UTIL_LABELS_FROM_VAR):   run;

NOTE: There were 2027 observations read from the data set WORK.CSS_NEXTPARAM.
NOTE: SAS sort was used.
NOTE: 2026 observations with duplicate key values were deleted.
NOTE: The data set WORK.CSS_LFV has 1 observations and 16 variables.
NOTE: PROCEDURE SORT used (Total process time):
      real time           0.01 seconds
      cpu time            0.01 seconds


MPRINT(UTIL_LABELS_FROM_VAR):   data _null_;
MPRINT(UTIL_LABELS_FROM_VAR):   set css_lfv;
MPRINT(UTIL_LABELS_FROM_VAR):   by atptn;
MPRINT(UTIL_LABELS_FROM_VAR):   if not (first.atptn and last.atptn) then do;
MPRINT(UTIL_LABELS_FROM_VAR):   put "ERROR: (UTIL_LABELS_FROM_VAR) Each ATPTN value should have exacly one ATPT value." atptn= atpt=;
MPRINT(UTIL_LABELS_FROM_VAR):   put "ERROR: (UTIL_LABELS_FROM_VAR) Most likely you are missing some global symbols.";
MPRINT(UTIL_LABELS_FROM_VAR):   end;
MPRINT(UTIL_LABELS_FROM_VAR):   call symput(strip("atptn_val"!!put(_n_, 8.-L)), strip(atptn));
MPRINT(UTIL_LABELS_FROM_VAR):   call symput(strip("atptn_lab"!!put(_n_, 8.-L)), strip(atpt));
MPRINT(UTIL_LABELS_FROM_VAR):   run;

NOTE: Numeric values have been converted to character values at the places given by: (Line):(Column).
      1:1
NOTE: There were 1 observations read from the data set WORK.CSS_LFV.
NOTE: DATA statement used (Total process time):
      real time           0.01 seconds
      cpu time            0.01 seconds


MPRINT(UTIL_LABELS_FROM_VAR):   proc datasets library=WORK memtype=DATA nolist nodetails;
MPRINT(UTIL_LABELS_FROM_VAR):   delete css_lfv;
MPRINT(UTIL_LABELS_FROM_VAR):   quit;
NOTE: Deleting WORK.CSS_LFV (memtype=DATA).
NOTE: PROCEDURE DATASETS used (Total process time):
      real time           0.01 seconds
      cpu time            0.01 seconds


NOTE: (UTIL_LABELS_FROM_VAR) Successfully created symbols for Values and Labels from ATPTN and ATPT
NOTE: (ASSERT_DSET_EXIST) Result is PASS. Data set CSS_NEXTPARAM is accessible.
NOTE: (ASSERT_DSET_EXIST) Result is PASS. Data set CSS_NEXTPARAM is accessible.
NOTE: (ASSERT_VAR_EXIST) If DMS process locks data set CSS_NEXTPARAM, try closing data set ID 1
NOTE: (ASSERT_VAR_EXIST) Result is PASS. ANRLO is a variable on data set CSS_NEXTPARAM.
NOTE: (ASSERT_DSET_EXIST) Result is PASS. Data set CSS_NEXTPARAM is accessible.
NOTE: (ASSERT_VAR_EXIST) If DMS process locks data set CSS_NEXTPARAM, try closing data set ID 1
NOTE: (ASSERT_VAR_EXIST) Result is PASS. ANRHI is a variable on data set CSS_NEXTPARAM.
MPRINT(UTIL_GET_REFERENCE_LINES):   proc sql noprint;
MPRINT(UTIL_GET_REFERENCE_LINES):   select distinct ANRLO, ANRHI, count(ANRLO)+nmiss(ANRLO) into :lo_vals separated by ', ', :hi_vals separated by ', ', :val_counts separated by ' ' from css_nextparam where n(ANRLO, ANRHI) > 0 group by ANRLO, ANRHI;
MPRINT(UTIL_GET_REFERENCE_LINES):   quit;
NOTE: PROCEDURE SQL used (Total process time):
      real time           0.01 seconds
      cpu time            0.01 seconds


NOTE: (UTIL_GET_REFERENCE_LINES) 1 distinct reference ranges in css_nextparam.
NOTE: (UTIL_GET_REFERENCE_LINES) LOW , HIGH (number of observations)
NOTE: (UTIL_GET_REFERENCE_LINES) 60 , 90 (2027)
NOTE: (UTIL_GET_REFERENCE_LINES) If you see duplicate values, check the HEX values in your data.
MPRINT(UTIL_GET_REFERENCE_LINES):   *--- Use data step and sort to clean up this list of reference lines (Unique, sorted Ascending) ---*;
MPRINT(UTIL_GET_REFERENCE_LINES):   data grl_temp;
MPRINT(UTIL_GET_REFERENCE_LINES):   do val = 60, 90 ;
MPRINT(UTIL_GET_REFERENCE_LINES):   OUTPUT;
MPRINT(UTIL_GET_REFERENCE_LINES):   end;
MPRINT(UTIL_GET_REFERENCE_LINES):   run;

NOTE: The data set WORK.GRL_TEMP has 2 observations and 1 variables.
NOTE: DATA statement used (Total process time):
      real time           0.01 seconds
      cpu time            0.01 seconds


MPRINT(UTIL_GET_REFERENCE_LINES):   proc sql noprint;
MPRINT(UTIL_GET_REFERENCE_LINES):   select distinct val into :nxt_reflines separated by ' ' from grl_temp where not missing(val) order by val;
MPRINT(UTIL_GET_REFERENCE_LINES):   quit;
NOTE: PROCEDURE SQL used (Total process time):
      real time           0.01 seconds
      cpu time            0.01 seconds


MPRINT(UTIL_GET_REFERENCE_LINES):   proc datasets library=WORK memtype=DATA nolist nodetails;
MPRINT(UTIL_GET_REFERENCE_LINES):   delete grl_temp;
MPRINT(UTIL_GET_REFERENCE_LINES):   quit;

NOTE: Deleting WORK.GRL_TEMP (memtype=DATA).
NOTE: PROCEDURE DATASETS used (Total process time):
      real time           0.01 seconds
      cpu time            0.03 seconds


NOTE: (UTIL_GET_REFERENCE_LINES) Successfully created macro var NXT_REFLINES with reference values (60 90).
MPRINT(BOXPLOT_EACH_PARAM_TP):   proc sort data=css_nextparam (where=(atptn = 815)) out=css_nexttimept;
MPRINT(BOXPLOT_EACH_PARAM_TP):   by avisitn trtpn;
MPRINT(BOXPLOT_EACH_PARAM_TP):   run;

NOTE: There were 2027 observations read from the data set WORK.CSS_NEXTPARAM.
      WHERE atptn=815;
NOTE: SAS sort was used.
NOTE: The data set WORK.CSS_NEXTTIMEPT has 2027 observations and 16 variables.
NOTE: PROCEDURE SORT used (Total process time):
      real time           0.04 seconds
      cpu time            0.01 seconds


NOTE: (ASSERT_DSET_EXIST) Result is PASS. Data set CSS_NEXTTIMEPT is accessible.
NOTE: (ASSERT_DSET_EXIST) Result is PASS. Data set CSS_NEXTTIMEPT is accessible.
NOTE: (ASSERT_VAR_EXIST) If DMS process locks data set CSS_NEXTTIMEPT, try closing data set ID 1
NOTE: (ASSERT_VAR_EXIST) Result is PASS. AVAL is a variable on data set CSS_NEXTTIMEPT.
MPRINT(UTIL_GET_VAR_MIN_MAX):   proc sql noprint;
MPRINT(UTIL_GET_VAR_MIN_MAX):   select min(AVAL), max(AVAL) into :minval, :maxval from css_nexttimept ;
MPRINT(UTIL_GET_VAR_MIN_MAX):   quit;
NOTE: PROCEDURE SQL used (Total process time):
      real time           0.01 seconds
      cpu time            0.00 seconds


NOTE: (UTIL_GET_VAR_MIN_MAX) Successfully created symbol AVAL_MIN_MAX = 40 109.
NOTE: (ASSERT_DSET_EXIST) Result is PASS. Data set CSS_NEXTTIMEPT is accessible.
NOTE: (ASSERT_DSET_EXIST) Result is PASS. Data set CSS_NEXTTIMEPT is accessible.
NOTE: (ASSERT_VAR_EXIST) If DMS process locks data set CSS_NEXTTIMEPT, try closing data set ID 1
NOTE: (ASSERT_VAR_EXIST) Result is PASS. AVISITN is a variable on data set CSS_NEXTTIMEPT.
MPRINT(UTIL_COUNT_UNIQUE_VALUES):   proc sql noprint;
MPRINT(UTIL_COUNT_UNIQUE_VALUES):   select count(unique(avisitn)) into: visn from css_nexttimept ;
MPRINT(UTIL_COUNT_UNIQUE_VALUES):   quit;
NOTE: PROCEDURE SQL used (Total process time):
      real time           0.03 seconds
      cpu time            0.03 seconds


NOTE: (UTIL_COUNT_UNIQUE_VALUES) Successfully created symbol VISN = 11
NOTE: (ASSERT_DSET_EXIST) Result is PASS. Data set CSS_NEXTTIMEPT is accessible.
NOTE: (ASSERT_DSET_EXIST) Result is PASS. Data set CSS_NEXTTIMEPT is accessible.
NOTE: (ASSERT_VAR_EXIST) If DMS process locks data set CSS_NEXTTIMEPT, try closing data set ID 1
NOTE: (ASSERT_VAR_EXIST) Result is PASS. AVAL is a variable on data set CSS_NEXTTIMEPT.
MPRINT(UTIL_VALUE_FORMAT):   data css_fmt;
MPRINT(UTIL_VALUE_FORMAT):   set css_nexttimept end=NoMore;
MPRINT(UTIL_VALUE_FORMAT):   retain max_int 0 max_dec 0;
MPRINT(UTIL_VALUE_FORMAT):   length int dec $8;
MPRINT(UTIL_VALUE_FORMAT):   valtxt = put(AVAL, best8.-L);
MPRINT(UTIL_VALUE_FORMAT):   int = scan(valtxt, 1, '.');
MPRINT(UTIL_VALUE_FORMAT):   dec = scan(valtxt, 2, '.');
MPRINT(UTIL_VALUE_FORMAT):   max_int = ifn(not missing(int) and length(int) > max_int, length(int), max_int);
MPRINT(UTIL_VALUE_FORMAT):   max_dec = ifn(not missing(dec) and length(dec) > max_dec, length(dec), max_dec);
MPRINT(UTIL_VALUE_FORMAT):   if NoMore then do;
MPRINT(UTIL_VALUE_FORMAT):   meanfmt = strip(put(max_int+max_dec+2,8.-L))!!'.'!!strip(put(max_dec+1,8.-L));
MPRINT(UTIL_VALUE_FORMAT):   stdvfmt = strip(put(max_int+max_dec+3,8.-L))!!'.'!!strip(put(max_dec+2,8.-L));
MPRINT(UTIL_VALUE_FORMAT):   call symput('util_value_format', strip(meanfmt)!!' '!!strip(stdvfmt));
MPRINT(UTIL_VALUE_FORMAT):   end;
MPRINT(UTIL_VALUE_FORMAT):   run;

NOTE: There were 2027 observations read from the data set WORK.CSS_NEXTTIMEPT.
NOTE: The data set WORK.CSS_FMT has 2027 observations and 23 variables.
NOTE: DATA statement used (Total process time):
      real time           0.04 seconds
      cpu time            0.04 seconds


MPRINT(UTIL_VALUE_FORMAT):   proc datasets library=WORK memtype=DATA nolist nodetails;
MPRINT(UTIL_VALUE_FORMAT):   delete css_fmt;
MPRINT(UTIL_VALUE_FORMAT):   quit;

NOTE: Deleting WORK.CSS_FMT (memtype=DATA).
NOTE: PROCEDURE DATASETS used (Total process time):
      real time           0.01 seconds
      cpu time            0.01 seconds


NOTE: (UTIL_VALUE_FORMAT) Successfully created symbol UTIL_VALUE_FORMAT = 5.1 6.2
NOTE: (ASSERT_DSET_EXIST) Result is PASS. Data set CSS_NEXTTIMEPT is accessible.
NOTE: (ASSERT_DSET_EXIST) Result is PASS. Data set CSS_NEXTTIMEPT is accessible.
NOTE: (ASSERT_VAR_EXIST) If DMS process locks data set CSS_NEXTTIMEPT, try closing data set ID 1
NOTE: (ASSERT_VAR_EXIST) Result is PASS. AVISITN is a variable on data set CSS_NEXTTIMEPT.
NOTE: (ASSERT_DSET_EXIST) Result is PASS. Data set CSS_NEXTTIMEPT is accessible.
NOTE: (ASSERT_VAR_EXIST) If DMS process locks data set CSS_NEXTTIMEPT, try closing data set ID 1
NOTE: (ASSERT_VAR_EXIST) Result is PASS. TRTPN is a variable on data set CSS_NEXTTIMEPT.
NOTE: (ASSERT_DEPEND) PASS, found mac var MAX_BOXES_PER_PAGE with value "20"
NOTE: (ASSERT_DEPEND) Result is PASS.
MPRINT(UTIL_BOXPLOT_VISIT_RANGES):   proc sort data=css_nexttimept (keep=avisitn trtpn) out=temp_vis_trt nodupkey;
MPRINT(UTIL_BOXPLOT_VISIT_RANGES):   by avisitn trtpn;
MPRINT(UTIL_BOXPLOT_VISIT_RANGES):   run;

NOTE: There were 2027 observations read from the data set WORK.CSS_NEXTTIMEPT.
NOTE: SAS sort was used.
NOTE: 1994 observations with duplicate key values were deleted.
NOTE: The data set WORK.TEMP_VIS_TRT has 33 observations and 2 variables.
NOTE: PROCEDURE SORT used (Total process time):
      real time           0.03 seconds
      cpu time            0.03 seconds


MPRINT(UTIL_BOXPLOT_VISIT_RANGES):   data _null_;
MPRINT(UTIL_BOXPLOT_VISIT_RANGES):   set temp_vis_trt end=NoMore;
MPRINT(UTIL_BOXPLOT_VISIT_RANGES):   by avisitn trtpn;
MPRINT(UTIL_BOXPLOT_VISIT_RANGES):   *--- Create BOXPLOT_VISIT_RANGES, to limit number of boxes per plot page to &MAX_BOXES_PER_PAGE ---*;
MPRINT(UTIL_BOXPLOT_VISIT_RANGES):   length boxplot_visit_ranges $200;
MPRINT(UTIL_BOXPLOT_VISIT_RANGES):   retain boxes_on_page 0 start_visit . boxplot_visit_ranges ' ';
MPRINT(UTIL_BOXPLOT_VISIT_RANGES):   if missing(start_visit) then start_visit = avisitn;
MPRINT(UTIL_BOXPLOT_VISIT_RANGES):   boxes_on_page + 1;
MPRINT(UTIL_BOXPLOT_VISIT_RANGES):   *--- Within a visit, keep all trts together: On last obs for this visit, is there room for another set of boxes? ---*;
MPRINT(UTIL_BOXPLOT_VISIT_RANGES):   if last.avisitn then do;
MPRINT(UTIL_BOXPLOT_VISIT_RANGES):   if NoMore or boxes_on_page + 3 > 20 then do;
MPRINT(UTIL_BOXPLOT_VISIT_RANGES):   *--- Current visit is enough for this plot. No more boxes. Next visit would be too much ---*;
MPRINT(UTIL_BOXPLOT_VISIT_RANGES):   boxplot_visit_ranges = strip(boxplot_visit_ranges) !!strip(compbl( put(start_visit, best8.-L) !!" <= avisitn <= " !!put(avisitn, best8.-L) )) !!'|';
MPRINT(UTIL_BOXPLOT_VISIT_RANGES):   boxes_on_page = 0;
MPRINT(UTIL_BOXPLOT_VISIT_RANGES):   start_visit = .;
MPRINT(UTIL_BOXPLOT_VISIT_RANGES):   end;
MPRINT(UTIL_BOXPLOT_VISIT_RANGES):   end;
MPRINT(UTIL_BOXPLOT_VISIT_RANGES):   if NoMore then call symput('boxplot_visit_ranges', strip(boxplot_visit_ranges));
MPRINT(UTIL_BOXPLOT_VISIT_RANGES):   run;

NOTE: There were 33 observations read from the data set WORK.TEMP_VIS_TRT.
NOTE: DATA statement used (Total process time):
      real time           0.03 seconds
      cpu time            0.03 seconds


MPRINT(UTIL_DELETE_DSETS):   proc datasets library=WORK memtype=DATA nolist nodetails;
MPRINT(UTIL_DELETE_DSETS):   delete TEMP_VIS_TRT;
MPRINT(UTIL_DELETE_DSETS):   quit;

NOTE: Deleting WORK.TEMP_VIS_TRT (memtype=DATA).
NOTE: PROCEDURE DATASETS used (Total process time):
      real time           0.01 seconds
      cpu time            0.01 seconds


Note: (UTIL_BOXPLOT_VISIT_RANGES) Default visit ranges for each plot produces, limiting to 20 boxes max per page.
Note: (UTIL_BOXPLOT_VISIT_RANGES) BOXPLOT_VISIT_RANGES set to: 0 <= avisitn <= 12|16 <= avisitn <= 99|
MPRINT(BOXPLOT_EACH_PARAM_TP):  ;
MPRINT(BOXPLOT_EACH_PARAM_TP):   *--- Calculate summary statistics, KEEP LABELS of VISIT and TRT for plotting, below ---*;
MPRINT(BOXPLOT_EACH_PARAM_TP):   proc summary data=css_nexttimept noprint;
MPRINT(BOXPLOT_EACH_PARAM_TP):   by avisitn trtpn avisit trtp;
MPRINT(BOXPLOT_EACH_PARAM_TP):   var AVAL;
MPRINT(BOXPLOT_EACH_PARAM_TP):   output out=css_stats (drop=_type_ _freq_) n=n mean=mean std=std median=median min=datamin max=datamax q1=q1 q3=q3;
MPRINT(BOXPLOT_EACH_PARAM_TP):   run;

NOTE: There were 2027 observations read from the data set WORK.CSS_NEXTTIMEPT.
NOTE: The data set WORK.CSS_STATS has 33 observations and 12 variables.
NOTE: PROCEDURE SUMMARY used (Total process time):
      real time           0.03 seconds
      cpu time            0.03 seconds


MPRINT(BOXPLOT_EACH_PARAM_TP):   data css_plot;
MPRINT(BOXPLOT_EACH_PARAM_TP):   set css_nexttimept css_stats;
MPRINT(BOXPLOT_EACH_PARAM_TP):   label n = 'n' mean = 'Mean' std = 'Std Dev' datamin = 'Min' q1 = 'Q1' median = 'Median' q3 = 'Q3' datamax = 'Max' ;
MPRINT(BOXPLOT_EACH_PARAM_TP):   format mean 5.1 std 6.2;
MPRINT(BOXPLOT_EACH_PARAM_TP):   run;

NOTE: There were 2027 observations read from the data set WORK.CSS_NEXTTIMEPT.
NOTE: There were 33 observations read from the data set WORK.CSS_STATS.
NOTE: The data set WORK.CSS_PLOT has 2060 observations and 24 variables.
NOTE: DATA statement used (Total process time):
      real time           0.01 seconds
      cpu time            0.01 seconds


MPRINT(BOXPLOT_EACH_PARAM_TP):   *--- Graphics Settings - Set defaults for all graphs ---*;
MPRINT(BOXPLOT_EACH_PARAM_TP):   options orientation=landscape;
MPRINT(BOXPLOT_EACH_PARAM_TP):   goptions reset=all;
MPRINT(BOXPLOT_EACH_PARAM_TP):   ods graphics on / reset=all;
MPRINT(BOXPLOT_EACH_PARAM_TP):   ods graphics / border=no attrpriority=COLOR;
MPRINT(BOXPLOT_EACH_PARAM_TP):   title justify=left height=1.2 "Box Plot - Diastolic Blood Pressure (mmHg) by Visit, Analysis
Timepoint: AFTER LYING DOWN FOR 5 MINUTES";
MPRINT(BOXPLOT_EACH_PARAM_TP):   footnote1 justify=left height=1.0 'Box plot type is schematic: the box shows median and
interquartile range (IQR, the box edges); the whiskers extend to the minimum';
MPRINT(BOXPLOT_EACH_PARAM_TP):   footnote2 justify=left height=1.0 'and maximum data points within 1.5 IQR below 25% and above
75%, respectively. Values outside the whiskers are shown as outliers.';
MPRINT(BOXPLOT_EACH_PARAM_TP):   footnote3 justify=left height=1.0 'Means are marked with a different symbol for each
treatment. Red dots indicate measures outside the normal reference range.';
MPRINT(BOXPLOT_EACH_PARAM_TP):   *--- ODS PDF destination (Traditional Graphics, No ODS or Listing output) ---*;
MPRINT(BOXPLOT_EACH_PARAM_TP):   ods listing close;
MPRINT(BOXPLOT_EACH_PARAM_TP):   ods pdf dpi=300 author="(ditommd1) PhUSE/CSS Standard Analysis Library" subject='PhUSE/CSS
Measures of Central Tendency' title="Boxplot of Diastolic Blood Pressure (mmHg) by Visit for Analysis Timepoint AFTER LYING
DOWN FOR 5 MINUTES"
file="C:\CSS\phuse-scripts\whitepapers\WPCT\outputs_sas\WPCT-F.07.01_Box_plot_DIABP_by_visit_for_timepoint_815.pdf";
NOTE: Writing ODS PDF output to DISK destination
      "C:\CSS\phuse-scripts\whitepapers\WPCT\outputs_sas\WPCT-F.07.01_Box_plot_DIABP_by_visit_for_timepoint_815.pdf",
      printer "PDF".
MPRINT(BOXPLOT_EACH_PARAM_TP):   proc sgrender data=css_plot (where=( 0 <= avisitn <= 12 )) template=PhUSEboxplot ;
MPRINT(BOXPLOT_EACH_PARAM_TP):   dynamic _TRT = 'trtp' _AVISITN = 'avisitn' _AVISIT = 'avisit' _AVAL = "AVAL" _AVALOUTLIE =
'm_var_outlier' _REFLINES = "60,90" _YLABEL = "Diastolic Blood Pressure (mmHg)" _YMIN = 40 _YMAX = 110 _YINCR = 5 _N = 'n'
_MEAN = 'mean' _STD = 'std' _DATAMIN = 'datamin' _Q1 = 'q1' _MEDIAN = 'median' _Q3 = 'q3' _DATAMAX = 'datamax' ;
MPRINT(BOXPLOT_EACH_PARAM_TP):   run;

NOTE: Multiple concurrent threads will be used to summarize data.
NOTE: The graph will be rendered as an image due to the use of data skins.
NOTE: There were 1316 observations read from the data set WORK.CSS_PLOT.
      WHERE (avisitn>=0 and avisitn<=12);
NOTE: PROCEDURE SGRENDER used (Total process time):
      real time           8.54 seconds
      cpu time            2.84 seconds


MPRINT(BOXPLOT_EACH_PARAM_TP):   proc sgrender data=css_plot (where=( 16 <= avisitn <= 99 )) template=PhUSEboxplot ;
MPRINT(BOXPLOT_EACH_PARAM_TP):   dynamic _TRT = 'trtp' _AVISITN = 'avisitn' _AVISIT = 'avisit' _AVAL = "AVAL" _AVALOUTLIE =
'm_var_outlier' _REFLINES = "60,90" _YLABEL = "Diastolic Blood Pressure (mmHg)" _YMIN = 40 _YMAX = 110 _YINCR = 5 _N = 'n'
_MEAN = 'mean' _STD = 'std' _DATAMIN = 'datamin' _Q1 = 'q1' _MEDIAN = 'median' _Q3 = 'q3' _DATAMAX = 'datamax' ;
MPRINT(BOXPLOT_EACH_PARAM_TP):   run;

NOTE: Multiple concurrent threads will be used to summarize data.
NOTE: The graph will be rendered as an image due to the use of data skins.
NOTE: There were 744 observations read from the data set WORK.CSS_PLOT.
      WHERE (avisitn>=16 and avisitn<=99);
NOTE: PROCEDURE SGRENDER used (Total process time):
      real time           5.39 seconds
      cpu time            2.62 seconds


MPRINT(BOXPLOT_EACH_PARAM_TP):   *--- Release the PDF output file! ---*;
MPRINT(BOXPLOT_EACH_PARAM_TP):   ods pdf close;
NOTE: ODS PDF printed 2 pages to
      C:\CSS\phuse-scripts\whitepapers\WPCT\outputs_sas\WPCT-F.07.01_Box_plot_DIABP_by_visit_for_timepoint_815.pdf.
MPRINT(BOXPLOT_EACH_PARAM_TP):   ods listing;
MPRINT(BOXPLOT_EACH_PARAM_TP):   data css_nextparam;
MPRINT(BOXPLOT_EACH_PARAM_TP):   set css_anadata (where=(paramcd = "SYSBP"));
MPRINT(BOXPLOT_EACH_PARAM_TP):   run;

NOTE: There were 2027 observations read from the data set WORK.CSS_ANADATA.
      WHERE paramcd='SYSBP';
NOTE: The data set WORK.CSS_NEXTPARAM has 2027 observations and 16 variables.
NOTE: DATA statement used (Total process time):
      real time           0.01 seconds
      cpu time            0.01 seconds


NOTE: (ASSERT_DSET_EXIST) Result is PASS. Data set CSS_NEXTPARAM is accessible.
NOTE: (ASSERT_DSET_EXIST) Result is PASS. Data set CSS_NEXTPARAM is accessible.
NOTE: (ASSERT_VAR_EXIST) If DMS process locks data set CSS_NEXTPARAM, try closing data set ID 1
NOTE: (ASSERT_VAR_EXIST) Result is PASS. ATPTN is a variable on data set CSS_NEXTPARAM.
NOTE: (ASSERT_DSET_EXIST) Result is PASS. Data set CSS_NEXTPARAM is accessible.
NOTE: (ASSERT_VAR_EXIST) If DMS process locks data set CSS_NEXTPARAM, try closing data set ID 1
NOTE: (ASSERT_VAR_EXIST) Result is PASS. ATPT is a variable on data set CSS_NEXTPARAM.
NOTE: (ASSERT_DSET_EXIST) Result is PASS. Data set CSS_NEXTPARAM is accessible.
NOTE: (ASSERT_DSET_EXIST) Result is PASS. Data set CSS_NEXTPARAM is accessible.
NOTE: (ASSERT_VAR_EXIST) If DMS process locks data set CSS_NEXTPARAM, try closing data set ID 1
NOTE: (ASSERT_VAR_EXIST) Result is PASS. ATPTN is a variable on data set CSS_NEXTPARAM.
MPRINT(UTIL_COUNT_UNIQUE_VALUES):   proc sql noprint;
MPRINT(UTIL_COUNT_UNIQUE_VALUES):   select count(unique(atptn)) into: atptn_n from css_nextparam ;
MPRINT(UTIL_COUNT_UNIQUE_VALUES):   quit;
NOTE: PROCEDURE SQL used (Total process time):
      real time           0.01 seconds
      cpu time            0.01 seconds


NOTE: (UTIL_COUNT_UNIQUE_VALUES) Successfully created symbol ATPTN_N = 1
MPRINT(UTIL_LABELS_FROM_VAR):   *--- Create paired sequences of symbols containing values and labels ---*;
MPRINT(UTIL_LABELS_FROM_VAR):   proc sort data=css_nextparam out=css_lfv nodupkey;
MPRINT(UTIL_LABELS_FROM_VAR):   by atptn atpt;
MPRINT(UTIL_LABELS_FROM_VAR):   run;

NOTE: There were 2027 observations read from the data set WORK.CSS_NEXTPARAM.
NOTE: SAS sort was used.
NOTE: 2026 observations with duplicate key values were deleted.
NOTE: The data set WORK.CSS_LFV has 1 observations and 16 variables.
NOTE: PROCEDURE SORT used (Total process time):
      real time           0.03 seconds
      cpu time            0.03 seconds


MPRINT(UTIL_LABELS_FROM_VAR):   data _null_;
MPRINT(UTIL_LABELS_FROM_VAR):   set css_lfv;
MPRINT(UTIL_LABELS_FROM_VAR):   by atptn;
MPRINT(UTIL_LABELS_FROM_VAR):   if not (first.atptn and last.atptn) then do;
MPRINT(UTIL_LABELS_FROM_VAR):   put "ERROR: (UTIL_LABELS_FROM_VAR) Each ATPTN value should have exacly one ATPT value." atptn=
atpt=;
MPRINT(UTIL_LABELS_FROM_VAR):   put "ERROR: (UTIL_LABELS_FROM_VAR) Most likely you are missing some global symbols.";
MPRINT(UTIL_LABELS_FROM_VAR):   end;
MPRINT(UTIL_LABELS_FROM_VAR):   call symput(strip("atptn_val"!!put(_n_, 8.-L)), strip(atptn));
MPRINT(UTIL_LABELS_FROM_VAR):   call symput(strip("atptn_lab"!!put(_n_, 8.-L)), strip(atpt));
MPRINT(UTIL_LABELS_FROM_VAR):   run;

NOTE: Numeric values have been converted to character values at the places given by: (Line):(Column).
      1:1
NOTE: There were 1 observations read from the data set WORK.CSS_LFV.
NOTE: DATA statement used (Total process time):
      real time           0.01 seconds
      cpu time            0.01 seconds


MPRINT(UTIL_LABELS_FROM_VAR):   proc datasets library=WORK memtype=DATA nolist nodetails;
MPRINT(UTIL_LABELS_FROM_VAR):   delete css_lfv;
MPRINT(UTIL_LABELS_FROM_VAR):   quit;
NOTE: Deleting WORK.CSS_LFV (memtype=DATA).
NOTE: PROCEDURE DATASETS used (Total process time):
      real time           0.00 seconds
      cpu time            0.00 seconds


NOTE: (UTIL_LABELS_FROM_VAR) Successfully created symbols for Values and Labels from ATPTN and ATPT
NOTE: (ASSERT_DSET_EXIST) Result is PASS. Data set CSS_NEXTPARAM is accessible.
NOTE: (ASSERT_DSET_EXIST) Result is PASS. Data set CSS_NEXTPARAM is accessible.
NOTE: (ASSERT_VAR_EXIST) If DMS process locks data set CSS_NEXTPARAM, try closing data set ID 1
NOTE: (ASSERT_VAR_EXIST) Result is PASS. ANRLO is a variable on data set CSS_NEXTPARAM.
NOTE: (ASSERT_DSET_EXIST) Result is PASS. Data set CSS_NEXTPARAM is accessible.
NOTE: (ASSERT_VAR_EXIST) If DMS process locks data set CSS_NEXTPARAM, try closing data set ID 1
NOTE: (ASSERT_VAR_EXIST) Result is PASS. ANRHI is a variable on data set CSS_NEXTPARAM.
MPRINT(UTIL_GET_REFERENCE_LINES):   proc sql noprint;
MPRINT(UTIL_GET_REFERENCE_LINES):   select distinct ANRLO, ANRHI, count(ANRLO)+nmiss(ANRLO) into :lo_vals separated by ', ',
:hi_vals separated by ', ', :val_counts separated by ' ' from css_nextparam where n(ANRLO, ANRHI) > 0 group by ANRLO, ANRHI;
NOTE: No rows were selected.
MPRINT(UTIL_GET_REFERENCE_LINES):   quit;
NOTE: PROCEDURE SQL used (Total process time):
      real time           0.01 seconds
      cpu time            0.01 seconds


NOTE: (UTIL_GET_REFERENCE_LINES) 0 distinct reference ranges in css_nextparam.
NOTE: (UTIL_GET_REFERENCE_LINES) LOW , HIGH (number of observations)
NOTE: (UTIL_GET_REFERENCE_LINES) If you see duplicate values, check the HEX values in your data.
NOTE: (UTIL_GET_REFERENCE_LINES) Non-uniform reference limits detected, so suppressing reference lines.
NOTE: (UTIL_GET_REFERENCE_LINES) Successfully created macro var NXT_REFLINES with reference values ().
MPRINT(BOXPLOT_EACH_PARAM_TP):   proc sort data=css_nextparam (where=(atptn = 816)) out=css_nexttimept;
MPRINT(BOXPLOT_EACH_PARAM_TP):   by avisitn trtpn;
MPRINT(BOXPLOT_EACH_PARAM_TP):   run;

NOTE: There were 2027 observations read from the data set WORK.CSS_NEXTPARAM.
      WHERE atptn=816;
NOTE: SAS sort was used.
NOTE: The data set WORK.CSS_NEXTTIMEPT has 2027 observations and 16 variables.
NOTE: PROCEDURE SORT used (Total process time):
      real time           0.03 seconds
      cpu time            0.03 seconds


NOTE: (ASSERT_DSET_EXIST) Result is PASS. Data set CSS_NEXTTIMEPT is accessible.
NOTE: (ASSERT_DSET_EXIST) Result is PASS. Data set CSS_NEXTTIMEPT is accessible.
NOTE: (ASSERT_VAR_EXIST) If DMS process locks data set CSS_NEXTTIMEPT, try closing data set ID 1
NOTE: (ASSERT_VAR_EXIST) Result is PASS. AVAL is a variable on data set CSS_NEXTTIMEPT.
MPRINT(UTIL_GET_VAR_MIN_MAX):   proc sql noprint;
MPRINT(UTIL_GET_VAR_MIN_MAX):   select min(AVAL), max(AVAL) into :minval, :maxval from css_nexttimept ;
MPRINT(UTIL_GET_VAR_MIN_MAX):   quit;
NOTE: PROCEDURE SQL used (Total process time):
      real time           0.00 seconds
      cpu time            0.00 seconds


NOTE: (UTIL_GET_VAR_MIN_MAX) Successfully created symbol AVAL_MIN_MAX = 80 202.
NOTE: (ASSERT_DSET_EXIST) Result is PASS. Data set CSS_NEXTTIMEPT is accessible.
NOTE: (ASSERT_DSET_EXIST) Result is PASS. Data set CSS_NEXTTIMEPT is accessible.
NOTE: (ASSERT_VAR_EXIST) If DMS process locks data set CSS_NEXTTIMEPT, try closing data set ID 1
NOTE: (ASSERT_VAR_EXIST) Result is PASS. AVISITN is a variable on data set CSS_NEXTTIMEPT.
MPRINT(UTIL_COUNT_UNIQUE_VALUES):   proc sql noprint;
MPRINT(UTIL_COUNT_UNIQUE_VALUES):   select count(unique(avisitn)) into: visn from css_nexttimept ;
MPRINT(UTIL_COUNT_UNIQUE_VALUES):   quit;
NOTE: PROCEDURE SQL used (Total process time):
      real time           0.01 seconds
      cpu time            0.01 seconds


NOTE: (UTIL_COUNT_UNIQUE_VALUES) Successfully created symbol VISN = 11
NOTE: (ASSERT_DSET_EXIST) Result is PASS. Data set CSS_NEXTTIMEPT is accessible.
NOTE: (ASSERT_DSET_EXIST) Result is PASS. Data set CSS_NEXTTIMEPT is accessible.
NOTE: (ASSERT_VAR_EXIST) If DMS process locks data set CSS_NEXTTIMEPT, try closing data set ID 1
NOTE: (ASSERT_VAR_EXIST) Result is PASS. AVAL is a variable on data set CSS_NEXTTIMEPT.
MPRINT(UTIL_VALUE_FORMAT):   data css_fmt;
MPRINT(UTIL_VALUE_FORMAT):   set css_nexttimept end=NoMore;
MPRINT(UTIL_VALUE_FORMAT):   retain max_int 0 max_dec 0;
MPRINT(UTIL_VALUE_FORMAT):   length int dec $8;
MPRINT(UTIL_VALUE_FORMAT):   valtxt = put(AVAL, best8.-L);
MPRINT(UTIL_VALUE_FORMAT):   int = scan(valtxt, 1, '.');
MPRINT(UTIL_VALUE_FORMAT):   dec = scan(valtxt, 2, '.');
MPRINT(UTIL_VALUE_FORMAT):   max_int = ifn(not missing(int) and length(int) > max_int, length(int), max_int);
MPRINT(UTIL_VALUE_FORMAT):   max_dec = ifn(not missing(dec) and length(dec) > max_dec, length(dec), max_dec);
MPRINT(UTIL_VALUE_FORMAT):   if NoMore then do;
MPRINT(UTIL_VALUE_FORMAT):   meanfmt = strip(put(max_int+max_dec+2,8.-L))!!'.'!!strip(put(max_dec+1,8.-L));
MPRINT(UTIL_VALUE_FORMAT):   stdvfmt = strip(put(max_int+max_dec+3,8.-L))!!'.'!!strip(put(max_dec+2,8.-L));
MPRINT(UTIL_VALUE_FORMAT):   call symput('util_value_format', strip(meanfmt)!!' '!!strip(stdvfmt));
MPRINT(UTIL_VALUE_FORMAT):   end;
MPRINT(UTIL_VALUE_FORMAT):   run;

NOTE: There were 2027 observations read from the data set WORK.CSS_NEXTTIMEPT.
NOTE: The data set WORK.CSS_FMT has 2027 observations and 23 variables.
NOTE: DATA statement used (Total process time):
      real time           0.03 seconds
      cpu time            0.03 seconds


MPRINT(UTIL_VALUE_FORMAT):   proc datasets library=WORK memtype=DATA nolist nodetails;
MPRINT(UTIL_VALUE_FORMAT):   delete css_fmt;
MPRINT(UTIL_VALUE_FORMAT):   quit;

NOTE: Deleting WORK.CSS_FMT (memtype=DATA).
NOTE: PROCEDURE DATASETS used (Total process time):
      real time           0.01 seconds
      cpu time            0.01 seconds


NOTE: (UTIL_VALUE_FORMAT) Successfully created symbol UTIL_VALUE_FORMAT = 5.1 6.2
NOTE: (ASSERT_DSET_EXIST) Result is PASS. Data set CSS_NEXTTIMEPT is accessible.
NOTE: (ASSERT_DSET_EXIST) Result is PASS. Data set CSS_NEXTTIMEPT is accessible.
NOTE: (ASSERT_VAR_EXIST) If DMS process locks data set CSS_NEXTTIMEPT, try closing data set ID 1
NOTE: (ASSERT_VAR_EXIST) Result is PASS. AVISITN is a variable on data set CSS_NEXTTIMEPT.
NOTE: (ASSERT_DSET_EXIST) Result is PASS. Data set CSS_NEXTTIMEPT is accessible.
NOTE: (ASSERT_VAR_EXIST) If DMS process locks data set CSS_NEXTTIMEPT, try closing data set ID 1
NOTE: (ASSERT_VAR_EXIST) Result is PASS. TRTPN is a variable on data set CSS_NEXTTIMEPT.
NOTE: (ASSERT_DEPEND) PASS, found mac var MAX_BOXES_PER_PAGE with value "20"
NOTE: (ASSERT_DEPEND) Result is PASS.
MPRINT(UTIL_BOXPLOT_VISIT_RANGES):   proc sort data=css_nexttimept (keep=avisitn trtpn) out=temp_vis_trt nodupkey;
MPRINT(UTIL_BOXPLOT_VISIT_RANGES):   by avisitn trtpn;
MPRINT(UTIL_BOXPLOT_VISIT_RANGES):   run;

NOTE: There were 2027 observations read from the data set WORK.CSS_NEXTTIMEPT.
NOTE: SAS sort was used.
NOTE: 1994 observations with duplicate key values were deleted.
NOTE: The data set WORK.TEMP_VIS_TRT has 33 observations and 2 variables.
NOTE: PROCEDURE SORT used (Total process time):
      real time           0.03 seconds
      cpu time            0.03 seconds


MPRINT(UTIL_BOXPLOT_VISIT_RANGES):   data _null_;
MPRINT(UTIL_BOXPLOT_VISIT_RANGES):   set temp_vis_trt end=NoMore;
MPRINT(UTIL_BOXPLOT_VISIT_RANGES):   by avisitn trtpn;
MPRINT(UTIL_BOXPLOT_VISIT_RANGES):   *--- Create BOXPLOT_VISIT_RANGES, to limit number of boxes per plot page to
&MAX_BOXES_PER_PAGE ---*;
MPRINT(UTIL_BOXPLOT_VISIT_RANGES):   length boxplot_visit_ranges $200;
MPRINT(UTIL_BOXPLOT_VISIT_RANGES):   retain boxes_on_page 0 start_visit . boxplot_visit_ranges ' ';
MPRINT(UTIL_BOXPLOT_VISIT_RANGES):   if missing(start_visit) then start_visit = avisitn;
MPRINT(UTIL_BOXPLOT_VISIT_RANGES):   boxes_on_page + 1;
MPRINT(UTIL_BOXPLOT_VISIT_RANGES):   *--- Within a visit, keep all trts together: On last obs for this visit, is there room for
another set of boxes? ---*;
MPRINT(UTIL_BOXPLOT_VISIT_RANGES):   if last.avisitn then do;
MPRINT(UTIL_BOXPLOT_VISIT_RANGES):   if NoMore or boxes_on_page + 3 > 20 then do;
MPRINT(UTIL_BOXPLOT_VISIT_RANGES):   *--- Current visit is enough for this plot. No more boxes. Next visit would be too much
---*;
MPRINT(UTIL_BOXPLOT_VISIT_RANGES):   boxplot_visit_ranges = strip(boxplot_visit_ranges) !!strip(compbl( put(start_visit,
best8.-L) !!" <= avisitn <= " !!put(avisitn, best8.-L) )) !!'|';
MPRINT(UTIL_BOXPLOT_VISIT_RANGES):   boxes_on_page = 0;
MPRINT(UTIL_BOXPLOT_VISIT_RANGES):   start_visit = .;
MPRINT(UTIL_BOXPLOT_VISIT_RANGES):   end;
MPRINT(UTIL_BOXPLOT_VISIT_RANGES):   end;
MPRINT(UTIL_BOXPLOT_VISIT_RANGES):   if NoMore then call symput('boxplot_visit_ranges', strip(boxplot_visit_ranges));
MPRINT(UTIL_BOXPLOT_VISIT_RANGES):   run;

NOTE: There were 33 observations read from the data set WORK.TEMP_VIS_TRT.
NOTE: DATA statement used (Total process time):
      real time           0.03 seconds
      cpu time            0.03 seconds


MPRINT(UTIL_DELETE_DSETS):   proc datasets library=WORK memtype=DATA nolist nodetails;
MPRINT(UTIL_DELETE_DSETS):   delete TEMP_VIS_TRT;
MPRINT(UTIL_DELETE_DSETS):   quit;

NOTE: Deleting WORK.TEMP_VIS_TRT (memtype=DATA).
NOTE: PROCEDURE DATASETS used (Total process time):
      real time           0.01 seconds
      cpu time            0.01 seconds


Note: (UTIL_BOXPLOT_VISIT_RANGES) Default visit ranges for each plot produces, limiting to 20 boxes max per page.
Note: (UTIL_BOXPLOT_VISIT_RANGES) BOXPLOT_VISIT_RANGES set to: 0 <= avisitn <= 12|16 <= avisitn <= 99|
MPRINT(BOXPLOT_EACH_PARAM_TP):  ;
MPRINT(BOXPLOT_EACH_PARAM_TP):   *--- Calculate summary statistics, KEEP LABELS of VISIT and TRT for plotting, below ---*;
MPRINT(BOXPLOT_EACH_PARAM_TP):   proc summary data=css_nexttimept noprint;
MPRINT(BOXPLOT_EACH_PARAM_TP):   by avisitn trtpn avisit trtp;
MPRINT(BOXPLOT_EACH_PARAM_TP):   var AVAL;
MPRINT(BOXPLOT_EACH_PARAM_TP):   output out=css_stats (drop=_type_ _freq_) n=n mean=mean std=std median=median min=datamin
max=datamax q1=q1 q3=q3;
MPRINT(BOXPLOT_EACH_PARAM_TP):   run;

NOTE: There were 2027 observations read from the data set WORK.CSS_NEXTTIMEPT.
NOTE: The data set WORK.CSS_STATS has 33 observations and 12 variables.
NOTE: PROCEDURE SUMMARY used (Total process time):
      real time           0.01 seconds
      cpu time            0.01 seconds


MPRINT(BOXPLOT_EACH_PARAM_TP):   data css_plot;
MPRINT(BOXPLOT_EACH_PARAM_TP):   set css_nexttimept css_stats;
MPRINT(BOXPLOT_EACH_PARAM_TP):   label n = 'n' mean = 'Mean' std = 'Std Dev' datamin = 'Min' q1 = 'Q1' median = 'Median' q3 =
'Q3' datamax = 'Max' ;
MPRINT(BOXPLOT_EACH_PARAM_TP):   format mean 5.1 std 6.2;
MPRINT(BOXPLOT_EACH_PARAM_TP):   run;

NOTE: There were 2027 observations read from the data set WORK.CSS_NEXTTIMEPT.
NOTE: There were 33 observations read from the data set WORK.CSS_STATS.
NOTE: The data set WORK.CSS_PLOT has 2060 observations and 24 variables.
NOTE: DATA statement used (Total process time):
      real time           0.01 seconds
      cpu time            0.01 seconds


MPRINT(BOXPLOT_EACH_PARAM_TP):   *--- Graphics Settings - Set defaults for all graphs ---*;
MPRINT(BOXPLOT_EACH_PARAM_TP):   options orientation=landscape;
MPRINT(BOXPLOT_EACH_PARAM_TP):   goptions reset=all;
MPRINT(BOXPLOT_EACH_PARAM_TP):   ods graphics on / reset=all;
MPRINT(BOXPLOT_EACH_PARAM_TP):   ods graphics / border=no attrpriority=COLOR;
MPRINT(BOXPLOT_EACH_PARAM_TP):   title justify=left height=1.2 "Box Plot - Systolic Blood Pressure (mmHg) by Visit, Analysis
Timepoint: AFTER STANDING FOR 1 MINUTE";
MPRINT(BOXPLOT_EACH_PARAM_TP):   footnote1 justify=left height=1.0 'Box plot type is schematic: the box shows median and
interquartile range (IQR, the box edges); the whiskers extend to the minimum';
MPRINT(BOXPLOT_EACH_PARAM_TP):   footnote2 justify=left height=1.0 'and maximum data points within 1.5 IQR below 25% and above
75%, respectively. Values outside the whiskers are shown as outliers.';
MPRINT(BOXPLOT_EACH_PARAM_TP):   footnote3 justify=left height=1.0 'Means are marked with a different symbol for each
treatment. Red dots indicate measures outside the normal reference range.';
MPRINT(BOXPLOT_EACH_PARAM_TP):   *--- ODS PDF destination (Traditional Graphics, No ODS or Listing output) ---*;
MPRINT(BOXPLOT_EACH_PARAM_TP):   ods listing close;
MPRINT(BOXPLOT_EACH_PARAM_TP):   ods pdf dpi=300 author="(ditommd1) PhUSE/CSS Standard Analysis Library" subject='PhUSE/CSS
Measures of Central Tendency' title="Boxplot of Systolic Blood Pressure (mmHg) by Visit for Analysis Timepoint AFTER STANDING
FOR 1 MINUTE"
file="C:\CSS\phuse-scripts\whitepapers\WPCT\outputs_sas\WPCT-F.07.01_Box_plot_SYSBP_by_visit_for_timepoint_816.pdf";
NOTE: Writing ODS PDF output to DISK destination
      "C:\CSS\phuse-scripts\whitepapers\WPCT\outputs_sas\WPCT-F.07.01_Box_plot_SYSBP_by_visit_for_timepoint_816.pdf",
      printer "PDF".
MPRINT(BOXPLOT_EACH_PARAM_TP):   proc sgrender data=css_plot (where=( 0 <= avisitn <= 12 )) template=PhUSEboxplot ;
MPRINT(BOXPLOT_EACH_PARAM_TP):   dynamic _TRT = 'trtp' _AVISITN = 'avisitn' _AVISIT = 'avisit' _AVAL = "AVAL" _AVALOUTLIE =
'm_var_outlier' _YLABEL = "Systolic Blood Pressure (mmHg)" _YMIN = 72 _YMAX = 207 _YINCR = 9 _N = 'n' _MEAN = 'mean' _STD =
'std' _DATAMIN = 'datamin' _Q1 = 'q1' _MEDIAN = 'median' _Q3 = 'q3' _DATAMAX = 'datamax' ;
MPRINT(BOXPLOT_EACH_PARAM_TP):   run;

NOTE: Multiple concurrent threads will be used to summarize data.
NOTE: The graph will be rendered as an image due to the use of data skins.
NOTE: There were 1316 observations read from the data set WORK.CSS_PLOT.
      WHERE (avisitn>=0 and avisitn<=12);
NOTE: PROCEDURE SGRENDER used (Total process time):
      real time           7.92 seconds
      cpu time            3.29 seconds


MPRINT(BOXPLOT_EACH_PARAM_TP):   proc sgrender data=css_plot (where=( 16 <= avisitn <= 99 )) template=PhUSEboxplot ;
MPRINT(BOXPLOT_EACH_PARAM_TP):   dynamic _TRT = 'trtp' _AVISITN = 'avisitn' _AVISIT = 'avisit' _AVAL = "AVAL" _AVALOUTLIE =
'm_var_outlier' _YLABEL = "Systolic Blood Pressure (mmHg)" _YMIN = 72 _YMAX = 207 _YINCR = 9 _N = 'n' _MEAN = 'mean' _STD =
'std' _DATAMIN = 'datamin' _Q1 = 'q1' _MEDIAN = 'median' _Q3 = 'q3' _DATAMAX = 'datamax' ;
MPRINT(BOXPLOT_EACH_PARAM_TP):   run;

NOTE: Multiple concurrent threads will be used to summarize data.
NOTE: The graph will be rendered as an image due to the use of data skins.
NOTE: There were 744 observations read from the data set WORK.CSS_PLOT.
      WHERE (avisitn>=16 and avisitn<=99);
NOTE: PROCEDURE SGRENDER used (Total process time):
      real time           4.96 seconds
      cpu time            2.49 seconds


MPRINT(BOXPLOT_EACH_PARAM_TP):   *--- Release the PDF output file! ---*;
MPRINT(BOXPLOT_EACH_PARAM_TP):   ods pdf close;
NOTE: ODS PDF printed 2 pages to
      C:\CSS\phuse-scripts\whitepapers\WPCT\outputs_sas\WPCT-F.07.01_Box_plot_SYSBP_by_visit_for_timepoint_816.pdf.
MPRINT(BOXPLOT_EACH_PARAM_TP):   ods listing;
MPRINT(BOXPLOT_EACH_PARAM_TP):   *--- Clean up temp data sets required to create box plots ---*;
MPRINT(UTIL_DELETE_DSETS):   proc datasets library=WORK memtype=DATA nolist nodetails;
MPRINT(UTIL_DELETE_DSETS):   delete CSS_NEXTPARAM CSS_NEXTTIMEPT CSS_STATS CSS_REFLINES CSS_PLOT;
MPRINT(UTIL_DELETE_DSETS):   quit;

NOTE: The file WORK.CSS_REFLINES (memtype=DATA) was not found, but appears on a DELETE statement.
NOTE: Deleting WORK.CSS_NEXTPARAM (memtype=DATA).
NOTE: Deleting WORK.CSS_NEXTTIMEPT (memtype=DATA).
NOTE: Deleting WORK.CSS_STATS (memtype=DATA).
NOTE: Deleting WORK.CSS_PLOT (memtype=DATA).
NOTE: PROCEDURE DATASETS used (Total process time):
      real time           0.04 seconds
      cpu time            0.04 seconds


252
253    /*** END boxplotting ***/

